app/build/intermediates/manifest_merge_blame_file/debug/manifest-merger-blame-debug-report.txt
1<?xml version="1.0" encoding="utf-8"?>
2<manifest xmlns:android="http://schemas.android.com/apk/res/android"
3    package="com.example.help_m5"
4    android:versionCode="1"
5    android:versionName="1.0" >
6
7    <uses-sdk
8        android:minSdkVersion="29"
8-->src\main\AndroidManifest.xml
9        android:targetSdkVersion="32" />
9-->src\main\AndroidManifest.xml
10    <!-- Include required permissions for Google Mobile Ads to run. -->
11    <uses-permission android:name="android.permission.INTERNET" />
11-->src\main\AndroidManifest.xml:6:5-67
11-->src\main\AndroidManifest.xml:6:22-64
12    <uses-permission android:name="android.permission.ACCESS_NETWORK_STATE" />
12-->src\main\AndroidManifest.xml:7:5-79
12-->src\main\AndroidManifest.xml:7:22-76
13    <uses-permission android:name="android.permission.ACCESS_COARSE_LOCATION" />
13-->src\main\AndroidManifest.xml:8:5-81
13-->src\main\AndroidManifest.xml:8:22-78
14    <uses-permission android:name="android.permission.ACCESS_FINE_LOCATION" />
14-->src\main\AndroidManifest.xml:9:5-79
14-->src\main\AndroidManifest.xml:9:22-76
15    <uses-permission android:name="android.permission.ACCESS_WIFI_STATE" />
15-->src\main\AndroidManifest.xml:10:5-76
15-->src\main\AndroidManifest.xml:10:22-73
16    <uses-permission android:name="android.permission.POST_NOTIFICATIONS" />
16-->src\main\AndroidManifest.xml:11:5-77
16-->src\main\AndroidManifest.xml:11:22-74
17    <uses-permission android:name="android.permission.REORDER_TASKS" /> <!-- Create a unique permission for your app and use it so only your app can receive your OneSignal messages. -->
17-->[androidx.fragment:fragment-testing:1.5.0] AndroidManifest.xml:25:5-72
17-->[androidx.fragment:fragment-testing:1.5.0] AndroidManifest.xml:25:22-69
18    <permission
18-->[com.onesignal:OneSignal:4.8.1] AndroidManifest.xml:7:5-9:47
19        android:name="com.example.help_m5.permission.C2D_MESSAGE"
19-->[com.onesignal:OneSignal:4.8.1] AndroidManifest.xml:8:9-63
20        android:protectionLevel="signature" />
20-->[com.onesignal:OneSignal:4.8.1] AndroidManifest.xml:9:9-44
21
22    <uses-permission android:name="com.example.help_m5.permission.C2D_MESSAGE" /> <!-- c2dm RECEIVE are basic requirements for push messages through Google's FCM -->
22-->[com.onesignal:OneSignal:4.8.1] AndroidManifest.xml:11:5-79
22-->[com.onesignal:OneSignal:4.8.1] AndroidManifest.xml:11:22-76
23    <uses-permission android:name="com.google.android.c2dm.permission.RECEIVE" /> <!-- Required, makes sure notifications are delivered on time. -->
23-->[com.onesignal:OneSignal:4.8.1] AndroidManifest.xml:18:5-82
23-->[com.onesignal:OneSignal:4.8.1] AndroidManifest.xml:18:22-79
24    <uses-permission android:name="android.permission.WAKE_LOCK" />
24-->[com.onesignal:OneSignal:4.8.1] AndroidManifest.xml:19:5-68
24-->[com.onesignal:OneSignal:4.8.1] AndroidManifest.xml:19:22-65
25    <!--
26 Required so the device vibrates on receiving a push notification.
27         Vibration settings of the device still apply.
28    -->
29    <uses-permission android:name="android.permission.VIBRATE" />
29-->[com.onesignal:OneSignal:4.8.1] AndroidManifest.xml:24:5-66
29-->[com.onesignal:OneSignal:4.8.1] AndroidManifest.xml:24:22-63
30    <!--
31 Use to restore notifications the user hasn't interacted with.
32         They could be missed notifications if the user reboots their device if this isn't in place.
33    -->
34    <uses-permission android:name="android.permission.RECEIVE_BOOT_COMPLETED" /> <!-- START: ShortcutBadger -->
34-->[com.onesignal:OneSignal:4.8.1] AndroidManifest.xml:30:5-81
34-->[com.onesignal:OneSignal:4.8.1] AndroidManifest.xml:30:22-78
35    <!-- Samsung -->
36    <uses-permission android:name="com.sec.android.provider.badge.permission.READ" />
36-->[com.onesignal:OneSignal:4.8.1] AndroidManifest.xml:32:5-86
36-->[com.onesignal:OneSignal:4.8.1] AndroidManifest.xml:32:22-83
37    <uses-permission android:name="com.sec.android.provider.badge.permission.WRITE" /> <!-- HTC -->
37-->[com.onesignal:OneSignal:4.8.1] AndroidManifest.xml:33:5-87
37-->[com.onesignal:OneSignal:4.8.1] AndroidManifest.xml:33:22-84
38    <uses-permission android:name="com.htc.launcher.permission.READ_SETTINGS" />
38-->[com.onesignal:OneSignal:4.8.1] AndroidManifest.xml:34:5-81
38-->[com.onesignal:OneSignal:4.8.1] AndroidManifest.xml:34:22-78
39    <uses-permission android:name="com.htc.launcher.permission.UPDATE_SHORTCUT" /> <!-- Sony -->
39-->[com.onesignal:OneSignal:4.8.1] AndroidManifest.xml:35:5-83
39-->[com.onesignal:OneSignal:4.8.1] AndroidManifest.xml:35:22-80
40    <uses-permission android:name="com.sonyericsson.home.permission.BROADCAST_BADGE" />
40-->[com.onesignal:OneSignal:4.8.1] AndroidManifest.xml:36:5-88
40-->[com.onesignal:OneSignal:4.8.1] AndroidManifest.xml:36:22-85
41    <uses-permission android:name="com.sonymobile.home.permission.PROVIDER_INSERT_BADGE" /> <!-- Apex -->
41-->[com.onesignal:OneSignal:4.8.1] AndroidManifest.xml:37:5-92
41-->[com.onesignal:OneSignal:4.8.1] AndroidManifest.xml:37:22-89
42    <uses-permission android:name="com.anddoes.launcher.permission.UPDATE_COUNT" /> <!-- Solid -->
42-->[com.onesignal:OneSignal:4.8.1] AndroidManifest.xml:38:5-84
42-->[com.onesignal:OneSignal:4.8.1] AndroidManifest.xml:38:22-81
43    <uses-permission android:name="com.majeur.launcher.permission.UPDATE_BADGE" /> <!-- Huawei -->
43-->[com.onesignal:OneSignal:4.8.1] AndroidManifest.xml:39:5-83
43-->[com.onesignal:OneSignal:4.8.1] AndroidManifest.xml:39:22-80
44    <uses-permission android:name="com.huawei.android.launcher.permission.CHANGE_BADGE" />
44-->[com.onesignal:OneSignal:4.8.1] AndroidManifest.xml:40:5-91
44-->[com.onesignal:OneSignal:4.8.1] AndroidManifest.xml:40:22-88
45    <uses-permission android:name="com.huawei.android.launcher.permission.READ_SETTINGS" />
45-->[com.onesignal:OneSignal:4.8.1] AndroidManifest.xml:41:5-92
45-->[com.onesignal:OneSignal:4.8.1] AndroidManifest.xml:41:22-89
46    <uses-permission android:name="com.huawei.android.launcher.permission.WRITE_SETTINGS" /> <!-- ZUK -->
46-->[com.onesignal:OneSignal:4.8.1] AndroidManifest.xml:42:5-93
46-->[com.onesignal:OneSignal:4.8.1] AndroidManifest.xml:42:22-90
47    <uses-permission android:name="android.permission.READ_APP_BADGE" /> <!-- OPPO -->
47-->[com.onesignal:OneSignal:4.8.1] AndroidManifest.xml:43:5-73
47-->[com.onesignal:OneSignal:4.8.1] AndroidManifest.xml:43:22-70
48    <uses-permission android:name="com.oppo.launcher.permission.READ_SETTINGS" />
48-->[com.onesignal:OneSignal:4.8.1] AndroidManifest.xml:44:5-82
48-->[com.onesignal:OneSignal:4.8.1] AndroidManifest.xml:44:22-79
49    <uses-permission android:name="com.oppo.launcher.permission.WRITE_SETTINGS" /> <!-- EvMe -->
49-->[com.onesignal:OneSignal:4.8.1] AndroidManifest.xml:45:5-83
49-->[com.onesignal:OneSignal:4.8.1] AndroidManifest.xml:45:22-80
50    <uses-permission android:name="me.everything.badger.permission.BADGE_COUNT_READ" />
50-->[com.onesignal:OneSignal:4.8.1] AndroidManifest.xml:46:5-88
50-->[com.onesignal:OneSignal:4.8.1] AndroidManifest.xml:46:22-85
51    <uses-permission android:name="me.everything.badger.permission.BADGE_COUNT_WRITE" />
51-->[com.onesignal:OneSignal:4.8.1] AndroidManifest.xml:47:5-89
51-->[com.onesignal:OneSignal:4.8.1] AndroidManifest.xml:47:22-86
52
53    <uses-feature
53-->[com.google.android.gms:play-services-maps:18.0.2] AndroidManifest.xml:26:5-28:35
54        android:glEsVersion="0x00020000"
54-->[com.google.android.gms:play-services-maps:18.0.2] AndroidManifest.xml:27:9-41
55        android:required="true" />
55-->[com.google.android.gms:play-services-maps:18.0.2] AndroidManifest.xml:28:9-32
56
57    <queries>
57-->[com.google.android.gms:play-services-maps:18.0.2] AndroidManifest.xml:30:5-34:15
58
59        <!-- Needs to be explicitly declared on Android R+ -->
60        <package android:name="com.google.android.apps.maps" />
60-->[com.google.android.gms:play-services-maps:18.0.2] AndroidManifest.xml:33:9-64
60-->[com.google.android.gms:play-services-maps:18.0.2] AndroidManifest.xml:33:18-61
61        <!-- For browser content -->
62        <intent>
62-->[com.google.android.gms:play-services-ads-lite:21.0.0] AndroidManifest.xml:31:9-37:18
63            <action android:name="android.intent.action.VIEW" />
63-->[com.onesignal:OneSignal:4.8.1] AndroidManifest.xml:77:17-69
63-->[com.onesignal:OneSignal:4.8.1] AndroidManifest.xml:77:25-66
64
65            <category android:name="android.intent.category.BROWSABLE" />
65-->[com.google.android.gms:play-services-ads-lite:21.0.0] AndroidManifest.xml:34:13-74
65-->[com.google.android.gms:play-services-ads-lite:21.0.0] AndroidManifest.xml:34:23-71
66
67            <data android:scheme="https" />
67-->[com.google.android.gms:play-services-ads-lite:21.0.0] AndroidManifest.xml:36:13-44
67-->[com.google.android.gms:play-services-ads-lite:21.0.0] AndroidManifest.xml:36:19-41
68        </intent> <!-- End of browser content -->
69        <!-- For CustomTabsService -->
70        <intent>
70-->[com.google.android.gms:play-services-ads-lite:21.0.0] AndroidManifest.xml:40:9-42:18
71            <action android:name="android.support.customtabs.action.CustomTabsService" />
71-->[com.google.android.gms:play-services-ads-lite:21.0.0] AndroidManifest.xml:41:13-90
71-->[com.google.android.gms:play-services-ads-lite:21.0.0] AndroidManifest.xml:41:21-87
72        </intent>
73    </queries>
74
75    <uses-permission android:name="com.google.android.gms.permission.AD_ID" />
75-->[com.google.android.gms:play-services-ads-lite:21.0.0] AndroidManifest.xml:25:5-79
75-->[com.google.android.gms:play-services-ads-lite:21.0.0] AndroidManifest.xml:25:22-76
76    <uses-permission android:name="android.permission.FOREGROUND_SERVICE" />
76-->[androidx.work:work-runtime:2.7.0] AndroidManifest.xml:28:5-77
76-->[androidx.work:work-runtime:2.7.0] AndroidManifest.xml:28:22-74
77
78    <application
78-->src\main\AndroidManifest.xml:13:5-94:19
79        android:allowBackup="true"
79-->src\main\AndroidManifest.xml:14:9-35
80        android:appComponentFactory="androidx.core.app.CoreComponentFactory"
80-->[androidx.core:core:1.8.0] AndroidManifest.xml:24:18-86
81        android:dataExtractionRules="@xml/data_extraction_rules"
81-->src\main\AndroidManifest.xml:15:9-65
82        android:debuggable="true"
83        android:extractNativeLibs="false"
84        android:fullBackupContent="@xml/backup_rules"
84-->src\main\AndroidManifest.xml:16:9-54
85        android:icon="@mipmap/ic_launcher"
85-->src\main\AndroidManifest.xml:17:9-43
86        android:label="@string/app_name"
86-->src\main\AndroidManifest.xml:18:9-41
87        android:roundIcon="@mipmap/ic_launcher_round"
87-->src\main\AndroidManifest.xml:19:9-54
88        android:supportsRtl="true"
88-->src\main\AndroidManifest.xml:20:9-35
89        android:testOnly="true"
90        android:theme="@style/MyMaterialTheme"
90-->src\main\AndroidManifest.xml:21:9-47
91        android:usesCleartextTraffic="true" >
91-->src\main\AndroidManifest.xml:22:9-44
92        <activity
92-->src\main\AndroidManifest.xml:25:9-27:39
93            android:name="com.example.help_m5.ChatActivity"
93-->src\main\AndroidManifest.xml:26:13-41
94            android:exported="true" />
94-->src\main\AndroidManifest.xml:27:13-36
95        <!--
96     Set custom default icon. This is used when no icon is set for incoming notification messages.
97     See README(https://goo.gl/l4GJaQ) for more.
98        -->
99        <!-- <meta-data -->
100        <!-- android:name="com.google.firebase.messaging.default_notification_icon" -->
101        <!-- android:resource="@drawable/ic_stat_ic_notification" /> -->
102        <!-- &lt;!&ndash; Set color used with incoming notification messages. This is used when no color is set for the incoming -->
103        <!-- notification message. See README(https://goo.gl/6BKBk7) for more. &ndash;&gt; -->
104        <!-- <meta-data -->
105        <!-- android:name="com.google.firebase.messaging.default_notification_color" -->
106        <!-- android:resource="@color/UBCBlue" /> -->
107        <!-- <meta-data -->
108        <!-- android:name="com.google.firebase.messaging.default_notification_channel_id" -->
109        <!-- android:value="@string/default_notification_channel_id" /> -->
110        <activity
110-->src\main\AndroidManifest.xml:43:9-45:39
111            android:name="com.example.help_m5.ReportActivity"
111-->src\main\AndroidManifest.xml:44:13-43
112            android:exported="true" />
112-->src\main\AndroidManifest.xml:45:13-36
113        <activity
113-->src\main\AndroidManifest.xml:47:9-55:20
114            android:name="com.example.help_m5.LoginActivity"
114-->src\main\AndroidManifest.xml:48:13-42
115            android:exported="true" >
115-->src\main\AndroidManifest.xml:49:13-36
116            <intent-filter>
116-->src\main\AndroidManifest.xml:50:13-54:29
117                <action android:name="android.intent.action.MAIN" />
117-->src\main\AndroidManifest.xml:51:17-69
117-->src\main\AndroidManifest.xml:51:25-66
118
119                <category android:name="android.intent.category.LAUNCHER" />
119-->src\main\AndroidManifest.xml:53:17-77
119-->src\main\AndroidManifest.xml:53:27-74
120            </intent-filter>
121        </activity>
122        <activity
122-->src\main\AndroidManifest.xml:57:9-59:39
123            android:name="com.example.help_m5.RateActivity"
123-->src\main\AndroidManifest.xml:58:13-41
124            android:exported="true" />
124-->src\main\AndroidManifest.xml:59:13-36
125        <!--
126             You can find your app ID in the AdMob UI. For android:value,
127            insert your own AdMob app ID in quotes, as shown below.
128            Sample AdMob App ID: ca-app-pub-3940256099942544~3347511713
129        -->
130        <!-- <service android:name=".ui.firebase.FirebaseMessageReceiver" -->
131        <!-- android:exported="false"> -->
132        <!-- <intent-filter> -->
133        <!-- <action android:name="com.google.firebase.MESSAGING_EVENT" /> -->
134        <!-- </intent-filter> -->
135        <!-- </service> -->
136        <meta-data
136-->src\main\AndroidManifest.xml:71:9-73:70
137            android:name="com.google.android.gms.ads.APPLICATION_ID"
137-->src\main\AndroidManifest.xml:72:13-69
138            android:value="ca-app-pub-3940256099942544~3347511713" /> <!-- Include the AdActivity configChanges and theme. -->
138-->src\main\AndroidManifest.xml:73:13-67
139
140        <activity
140-->src\main\AndroidManifest.xml:75:9-79:64
141            android:name="com.google.android.gms.ads.AdActivity"
141-->src\main\AndroidManifest.xml:76:13-65
142            android:configChanges="keyboard|keyboardHidden|orientation|screenLayout|uiMode|screenSize|smallestScreenSize"
142-->src\main\AndroidManifest.xml:77:13-122
143            android:exported="false"
143-->src\main\AndroidManifest.xml:78:13-37
144            android:theme="@android:style/Theme.Translucent" />
144-->src\main\AndroidManifest.xml:79:13-61
145
146        <meta-data
146-->src\main\AndroidManifest.xml:81:9-83:71
147            android:name="com.google.android.geo.API_KEY"
147-->src\main\AndroidManifest.xml:82:13-58
148            android:value="AIzaSyCYBGUSkkE1Ov84q85OkSl1PV-Uq7F0oHU" />
148-->src\main\AndroidManifest.xml:83:13-68
149
150        <activity
150-->src\main\AndroidManifest.xml:85:9-87:39
151            android:name="com.example.help_m5.FacilityActivity"
151-->src\main\AndroidManifest.xml:86:13-45
152            android:exported="true" /> <!-- CHANGE THIS TO FALSE IN THE END -->
152-->src\main\AndroidManifest.xml:87:13-36
153
154        <activity
154-->src\main\AndroidManifest.xml:89:9-93:64
155            android:name="com.example.help_m5.MainActivity"
155-->src\main\AndroidManifest.xml:90:13-41
156            android:exported="true"
156-->src\main\AndroidManifest.xml:91:13-36
157            android:label="@string/app_name"
157-->src\main\AndroidManifest.xml:92:13-45
158            android:theme="@style/Theme.Help_m5.NoActionBar" />
158-->src\main\AndroidManifest.xml:93:13-61
159        <activity
159-->[androidx.fragment:fragment-testing:1.5.0] AndroidManifest.xml:28:9-37:20
160            android:name="androidx.fragment.app.testing.FragmentScenario$EmptyFragmentActivity"
160-->[androidx.fragment:fragment-testing:1.5.0] AndroidManifest.xml:29:13-96
161            android:exported="true"
161-->[androidx.fragment:fragment-testing:1.5.0] AndroidManifest.xml:30:13-36
162            android:multiprocess="true"
162-->[androidx.fragment:fragment-testing:1.5.0] AndroidManifest.xml:31:13-40
163            android:taskAffinity=""
163-->[androidx.fragment:fragment-testing:1.5.0] AndroidManifest.xml:32:13-36
164            android:theme="@style/FragmentScenarioEmptyFragmentActivityTheme" >
164-->[androidx.fragment:fragment-testing:1.5.0] AndroidManifest.xml:33:13-78
165            <intent-filter>
165-->[androidx.fragment:fragment-testing:1.5.0] AndroidManifest.xml:34:13-36:29
166                <action android:name="android.intent.action.MAIN" />
166-->src\main\AndroidManifest.xml:51:17-69
166-->src\main\AndroidManifest.xml:51:25-66
167            </intent-filter>
168        </activity>
169
170        <receiver
170-->[com.onesignal:OneSignal:4.8.1] AndroidManifest.xml:50:9-61:20
171            android:name="com.onesignal.FCMBroadcastReceiver"
171-->[com.onesignal:OneSignal:4.8.1] AndroidManifest.xml:51:13-62
172            android:exported="true"
172-->[com.onesignal:OneSignal:4.8.1] AndroidManifest.xml:52:13-36
173            android:permission="com.google.android.c2dm.permission.SEND" >
173-->[com.onesignal:OneSignal:4.8.1] AndroidManifest.xml:53:13-73
174
175            <!-- High priority so OneSignal payloads can be filtered from other FCM receivers -->
176            <intent-filter android:priority="999" >
176-->[com.onesignal:OneSignal:4.8.1] AndroidManifest.xml:56:13-60:29
176-->[com.onesignal:OneSignal:4.8.1] AndroidManifest.xml:56:28-50
177                <action android:name="com.google.android.c2dm.intent.RECEIVE" />
177-->[com.onesignal:OneSignal:4.8.1] AndroidManifest.xml:57:17-81
177-->[com.onesignal:OneSignal:4.8.1] AndroidManifest.xml:57:25-78
178
179                <category android:name="com.example.help_m5" />
179-->[com.onesignal:OneSignal:4.8.1] AndroidManifest.xml:59:17-61
179-->[com.onesignal:OneSignal:4.8.1] AndroidManifest.xml:59:27-58
180            </intent-filter>
181        </receiver>
182
183        <service
183-->[com.onesignal:OneSignal:4.8.1] AndroidManifest.xml:63:9-69:19
184            android:name="com.onesignal.HmsMessageServiceOneSignal"
184-->[com.onesignal:OneSignal:4.8.1] AndroidManifest.xml:64:13-68
185            android:exported="false" >
185-->[com.onesignal:OneSignal:4.8.1] AndroidManifest.xml:65:13-37
186            <intent-filter>
186-->[com.onesignal:OneSignal:4.8.1] AndroidManifest.xml:66:13-68:29
187                <action android:name="com.huawei.push.action.MESSAGING_EVENT" />
187-->[com.onesignal:OneSignal:4.8.1] AndroidManifest.xml:67:17-81
187-->[com.onesignal:OneSignal:4.8.1] AndroidManifest.xml:67:25-78
188            </intent-filter>
189        </service>
190
191        <activity
191-->[com.onesignal:OneSignal:4.8.1] AndroidManifest.xml:71:9-79:20
192            android:name="com.onesignal.NotificationOpenedActivityHMS"
192-->[com.onesignal:OneSignal:4.8.1] AndroidManifest.xml:72:13-71
193            android:exported="true"
193-->[com.onesignal:OneSignal:4.8.1] AndroidManifest.xml:73:13-36
194            android:noHistory="true"
194-->[com.onesignal:OneSignal:4.8.1] AndroidManifest.xml:74:13-37
195            android:theme="@android:style/Theme.Translucent.NoTitleBar" >
195-->[com.onesignal:OneSignal:4.8.1] AndroidManifest.xml:75:13-72
196            <intent-filter>
196-->[com.onesignal:OneSignal:4.8.1] AndroidManifest.xml:76:13-78:29
197                <action android:name="android.intent.action.VIEW" />
197-->[com.onesignal:OneSignal:4.8.1] AndroidManifest.xml:77:17-69
197-->[com.onesignal:OneSignal:4.8.1] AndroidManifest.xml:77:25-66
198            </intent-filter>
199        </activity>
200
201        <service
201-->[com.onesignal:OneSignal:4.8.1] AndroidManifest.xml:81:9-83:40
202            android:name="com.onesignal.FCMIntentService"
202-->[com.onesignal:OneSignal:4.8.1] AndroidManifest.xml:82:13-58
203            android:exported="false" />
203-->[com.onesignal:OneSignal:4.8.1] AndroidManifest.xml:83:13-37
204        <service
204-->[com.onesignal:OneSignal:4.8.1] AndroidManifest.xml:84:9-87:72
205            android:name="com.onesignal.FCMIntentJobService"
205-->[com.onesignal:OneSignal:4.8.1] AndroidManifest.xml:85:13-61
206            android:exported="false"
206-->[com.onesignal:OneSignal:4.8.1] AndroidManifest.xml:86:13-37
207            android:permission="android.permission.BIND_JOB_SERVICE" />
207-->[com.onesignal:OneSignal:4.8.1] AndroidManifest.xml:87:13-69
208        <service
208-->[com.onesignal:OneSignal:4.8.1] AndroidManifest.xml:88:9-91:43
209            android:name="com.onesignal.SyncService"
209-->[com.onesignal:OneSignal:4.8.1] AndroidManifest.xml:89:13-53
210            android:exported="false"
210-->[com.onesignal:OneSignal:4.8.1] AndroidManifest.xml:90:13-37
211            android:stopWithTask="true" />
211-->[com.onesignal:OneSignal:4.8.1] AndroidManifest.xml:91:13-40
212        <service
212-->[com.onesignal:OneSignal:4.8.1] AndroidManifest.xml:92:9-95:72
213            android:name="com.onesignal.SyncJobService"
213-->[com.onesignal:OneSignal:4.8.1] AndroidManifest.xml:93:13-56
214            android:exported="false"
214-->[com.onesignal:OneSignal:4.8.1] AndroidManifest.xml:94:13-37
215            android:permission="android.permission.BIND_JOB_SERVICE" />
215-->[com.onesignal:OneSignal:4.8.1] AndroidManifest.xml:95:13-69
216
217        <activity
217-->[com.onesignal:OneSignal:4.8.1] AndroidManifest.xml:97:9-100:75
218            android:name="com.onesignal.PermissionsActivity"
218-->[com.onesignal:OneSignal:4.8.1] AndroidManifest.xml:98:13-61
219            android:exported="false"
219-->[com.onesignal:OneSignal:4.8.1] AndroidManifest.xml:99:13-37
220            android:theme="@android:style/Theme.Translucent.NoTitleBar" />
220-->[com.onesignal:OneSignal:4.8.1] AndroidManifest.xml:100:13-72
221
222        <receiver
222-->[com.onesignal:OneSignal:4.8.1] AndroidManifest.xml:102:9-104:39
223            android:name="com.onesignal.NotificationDismissReceiver"
223-->[com.onesignal:OneSignal:4.8.1] AndroidManifest.xml:103:13-69
224            android:exported="true" />
224-->[com.onesignal:OneSignal:4.8.1] AndroidManifest.xml:104:13-36
225        <receiver
225-->[com.onesignal:OneSignal:4.8.1] AndroidManifest.xml:105:9-112:20
226            android:name="com.onesignal.BootUpReceiver"
226-->[com.onesignal:OneSignal:4.8.1] AndroidManifest.xml:106:13-56
227            android:exported="true" >
227-->[com.onesignal:OneSignal:4.8.1] AndroidManifest.xml:107:13-36
228            <intent-filter>
228-->[com.onesignal:OneSignal:4.8.1] AndroidManifest.xml:108:13-111:29
229                <action android:name="android.intent.action.BOOT_COMPLETED" />
229-->[com.onesignal:OneSignal:4.8.1] AndroidManifest.xml:109:17-79
229-->[com.onesignal:OneSignal:4.8.1] AndroidManifest.xml:109:25-76
230                <action android:name="android.intent.action.QUICKBOOT_POWERON" />
230-->[com.onesignal:OneSignal:4.8.1] AndroidManifest.xml:110:17-82
230-->[com.onesignal:OneSignal:4.8.1] AndroidManifest.xml:110:25-79
231            </intent-filter>
232        </receiver>
233        <receiver
233-->[com.onesignal:OneSignal:4.8.1] AndroidManifest.xml:113:9-119:20
234            android:name="com.onesignal.UpgradeReceiver"
234-->[com.onesignal:OneSignal:4.8.1] AndroidManifest.xml:114:13-57
235            android:exported="true" >
235-->[com.onesignal:OneSignal:4.8.1] AndroidManifest.xml:115:13-36
236            <intent-filter>
236-->[com.onesignal:OneSignal:4.8.1] AndroidManifest.xml:116:13-118:29
237                <action android:name="android.intent.action.MY_PACKAGE_REPLACED" />
237-->[com.onesignal:OneSignal:4.8.1] AndroidManifest.xml:117:17-84
237-->[com.onesignal:OneSignal:4.8.1] AndroidManifest.xml:117:25-81
238            </intent-filter>
239        </receiver>
240
241        <activity
241-->[com.onesignal:OneSignal:4.8.1] AndroidManifest.xml:121:9-127:75
242            android:name="com.onesignal.NotificationOpenedReceiver"
242-->[com.onesignal:OneSignal:4.8.1] AndroidManifest.xml:122:13-68
243            android:excludeFromRecents="true"
243-->[com.onesignal:OneSignal:4.8.1] AndroidManifest.xml:123:13-46
244            android:exported="true"
244-->[com.onesignal:OneSignal:4.8.1] AndroidManifest.xml:124:13-36
245            android:noHistory="true"
245-->[com.onesignal:OneSignal:4.8.1] AndroidManifest.xml:125:13-37
246            android:taskAffinity=""
246-->[com.onesignal:OneSignal:4.8.1] AndroidManifest.xml:126:13-36
247            android:theme="@android:style/Theme.Translucent.NoTitleBar" />
247-->[com.onesignal:OneSignal:4.8.1] AndroidManifest.xml:127:13-72
248        <activity
248-->[com.onesignal:OneSignal:4.8.1] AndroidManifest.xml:128:9-133:75
249            android:name="com.onesignal.NotificationOpenedReceiverAndroid22AndOlder"
249-->[com.onesignal:OneSignal:4.8.1] AndroidManifest.xml:129:13-85
250            android:excludeFromRecents="true"
250-->[com.onesignal:OneSignal:4.8.1] AndroidManifest.xml:130:13-46
251            android:exported="true"
251-->[com.onesignal:OneSignal:4.8.1] AndroidManifest.xml:131:13-36
252            android:noHistory="true"
252-->[com.onesignal:OneSignal:4.8.1] AndroidManifest.xml:132:13-37
253            android:theme="@android:style/Theme.Translucent.NoTitleBar" /> <!-- Needs to be explicitly declared on P+ -->
253-->[com.onesignal:OneSignal:4.8.1] AndroidManifest.xml:133:13-72
254        <uses-library
254-->[com.google.android.gms:play-services-maps:18.0.2] AndroidManifest.xml:39:9-41:40
255            android:name="org.apache.http.legacy"
255-->[com.google.android.gms:play-services-maps:18.0.2] AndroidManifest.xml:40:13-50
256            android:required="false" />
256-->[com.google.android.gms:play-services-maps:18.0.2] AndroidManifest.xml:41:13-37
257
258        <activity
258-->[com.google.android.gms:play-services-auth:20.2.0] AndroidManifest.xml:23:9-27:75
259            android:name="com.google.android.gms.auth.api.signin.internal.SignInHubActivity"
259-->[com.google.android.gms:play-services-auth:20.2.0] AndroidManifest.xml:24:13-93
260            android:excludeFromRecents="true"
260-->[com.google.android.gms:play-services-auth:20.2.0] AndroidManifest.xml:25:13-46
261            android:exported="false"
261-->[com.google.android.gms:play-services-auth:20.2.0] AndroidManifest.xml:26:13-37
262            android:theme="@android:style/Theme.Translucent.NoTitleBar" />
262-->[com.google.android.gms:play-services-auth:20.2.0] AndroidManifest.xml:27:13-72
263        <!--
264            Service handling Google Sign-In user revocation. For apps that do not integrate with
265            Google Sign-In, this service will never be started.
266        -->
267        <service
267-->[com.google.android.gms:play-services-auth:20.2.0] AndroidManifest.xml:33:9-37:51
268            android:name="com.google.android.gms.auth.api.signin.RevocationBoundService"
268-->[com.google.android.gms:play-services-auth:20.2.0] AndroidManifest.xml:34:13-89
269            android:exported="true"
269-->[com.google.android.gms:play-services-auth:20.2.0] AndroidManifest.xml:35:13-36
270            android:permission="com.google.android.gms.auth.api.signin.permission.REVOCATION_NOTIFICATION"
270-->[com.google.android.gms:play-services-auth:20.2.0] AndroidManifest.xml:36:13-107
271            android:visibleToInstantApps="true" />
271-->[com.google.android.gms:play-services-auth:20.2.0] AndroidManifest.xml:37:13-48
272
273        <provider
273-->[com.squareup.picasso:picasso:2.8] AndroidManifest.xml:8:9-11:40
274            android:name="com.squareup.picasso.PicassoProvider"
274-->[com.squareup.picasso:picasso:2.8] AndroidManifest.xml:9:13-64
275            android:authorities="com.example.help_m5.com.squareup.picasso"
275-->[com.squareup.picasso:picasso:2.8] AndroidManifest.xml:10:13-72
276            android:exported="false" />
276-->[com.squareup.picasso:picasso:2.8] AndroidManifest.xml:11:13-37
277
278        <activity
278-->[androidx.test:core:1.4.0] AndroidManifest.xml:27:9-34:20
279            android:name="androidx.test.core.app.InstrumentationActivityInvoker$BootstrapActivity"
279-->[androidx.test:core:1.4.0] AndroidManifest.xml:28:13-99
280            android:exported="true"
280-->[androidx.test:core:1.4.0] AndroidManifest.xml:29:13-36
281            android:theme="@android:style/Theme" >
281-->[androidx.test:core:1.4.0] AndroidManifest.xml:30:13-49
282            <intent-filter>
282-->[androidx.fragment:fragment-testing:1.5.0] AndroidManifest.xml:34:13-36:29
283                <action android:name="android.intent.action.MAIN" />
283-->src\main\AndroidManifest.xml:51:17-69
283-->src\main\AndroidManifest.xml:51:25-66
284            </intent-filter>
285        </activity>
286        <activity
286-->[androidx.test:core:1.4.0] AndroidManifest.xml:35:9-42:20
287            android:name="androidx.test.core.app.InstrumentationActivityInvoker$EmptyActivity"
287-->[androidx.test:core:1.4.0] AndroidManifest.xml:36:13-95
288            android:exported="true"
288-->[androidx.test:core:1.4.0] AndroidManifest.xml:37:13-36
289            android:theme="@android:style/Theme" >
289-->[androidx.test:core:1.4.0] AndroidManifest.xml:38:13-49
290            <intent-filter>
290-->[androidx.fragment:fragment-testing:1.5.0] AndroidManifest.xml:34:13-36:29
291                <action android:name="android.intent.action.MAIN" />
291-->src\main\AndroidManifest.xml:51:17-69
291-->src\main\AndroidManifest.xml:51:25-66
292            </intent-filter>
293        </activity>
294        <activity